# JRE version: OpenJDK Runtime Environment Temurin-21.0.9+10 (21.0.9+10) (build 21.0.9+10-LTS)
# Java VM: OpenJDK 64-Bit Server VM Temurin-21.0.9+10 (21.0.9+10-LTS, mixed mode, sharing, tiered, compressed oops, compressed class ptrs, parallel gc, windows-amd64)
GC Precious Log:
 CardTable entry size: 512
 CPUs: 16 total, 16 available
 Memory: 7896M
 Large Page Support: Disabled
 NUMA Support: Disabled
 Compressed Oops: Enabled (32-bit)
 Alignments: Space 512K, Generation 512K, Heap 2M
 Heap Min Capacity: 100M
 Heap Initial Capacity: 100M
 Heap Max Capacity: 2G
 Pre-touch: Disabled
 Parallel Workers: 13
Heap:
 PSYoungGen      total 7680K, used 3796K [0x00000000d5580000, 0x00000000d6080000, 0x0000000100000000)
  eden space 5120K, 33% used [0x00000000d5580000,0x00000000d572add8,0x00000000d5a80000)
  from space 2560K, 81% used [0x00000000d5d00000,0x00000000d5f0a3f0,0x00000000d5f80000)
  to   space 2560K, 0% used [0x00000000d5a80000,0x00000000d5a80000,0x00000000d5d00000)
 ParOldGen       total 735744K, used 735616K [0x0000000080000000, 0x00000000ace80000, 0x00000000d5580000)
  object space 735744K, 99% used [0x0000000080000000,0x00000000ace600e0,0x00000000ace80000)
 Metaspace       used 75210K, committed 76736K, reserved 1179648K
  class space    used 7840K, committed 8512K, reserved 1048576K
GC Heap History (20 events):
Event: 49.097 GC heap before
{Heap before GC invocations=884 (full 3):
 PSYoungGen      total 13824K, used 13353K [0x00000000d5580000, 0x00000000d6b80000, 0x0000000100000000)
  eden space 7680K, 100% used [0x00000000d5580000,0x00000000d5d00000,0x00000000d5d00000)
  from space 6144K, 92% used [0x00000000d6580000,0x00000000d6b0a420,0x00000000d6b80000)
  to   space 6656K, 0% used [0x00000000d5e80000,0x00000000d5e80000,0x00000000d6500000)
 ParOldGen       total 715776K, used 715720K [0x0000000080000000, 0x00000000abb00000, 0x00000000d5580000)
  object space 715776K, 99% used [0x0000000080000000,0x00000000abaf2240,0x00000000abb00000)
 Metaspace       used 75126K, committed 76672K, reserved 1179648K
  class space    used 7831K, committed 8512K, reserved 1048576K
}
Event: 49.102 GC heap after
{Heap after GC invocations=884 (full 3):
 PSYoungGen      total 10752K, used 2932K [0x00000000d5580000, 0x00000000d6600000, 0x0000000100000000)
  eden space 7680K, 0% used [0x00000000d5580000,0x00000000d5580000,0x00000000d5d00000)
  from space 3072K, 95% used [0x00000000d5e80000,0x00000000d615d2d0,0x00000000d6180000)
  to   space 4096K, 0% used [0x00000000d6200000,0x00000000d6200000,0x00000000d6600000)
 ParOldGen       total 720896K, used 720412K [0x0000000080000000, 0x00000000ac000000, 0x00000000d5580000)
  object space 720896K, 99% used [0x0000000080000000,0x00000000abf87128,0x00000000ac000000)
 Metaspace       used 75126K, committed 76672K, reserved 1179648K
  class space    used 7831K, committed 8512K, reserved 1048576K
}
Event: 49.118 GC heap before
{Heap before GC invocations=885 (full 3):
 PSYoungGen      total 10752K, used 10612K [0x00000000d5580000, 0x00000000d6600000, 0x0000000100000000)
  eden space 7680K, 100% used [0x00000000d5580000,0x00000000d5d00000,0x00000000d5d00000)
  from space 3072K, 95% used [0x00000000d5e80000,0x00000000d615d2d0,0x00000000d6180000)
  to   space 4096K, 0% used [0x00000000d6200000,0x00000000d6200000,0x00000000d6600000)
 ParOldGen       total 720896K, used 720412K [0x0000000080000000, 0x00000000ac000000, 0x00000000d5580000)
  object space 720896K, 99% used [0x0000000080000000,0x00000000abf87128,0x00000000ac000000)
 Metaspace       used 75126K, committed 76672K, reserved 1179648K
  class space    used 7831K, committed 8512K, reserved 1048576K
}
Event: 49.122 GC heap after
{Heap after GC invocations=885 (full 3):
 PSYoungGen      total 8192K, used 4082K [0x00000000d5580000, 0x00000000d6e00000, 0x0000000100000000)
  eden space 4096K, 0% used [0x00000000d5580000,0x00000000d5580000,0x00000000d5980000)
  from space 4096K, 99% used [0x00000000d6200000,0x00000000d65fcb20,0x00000000d6600000)
  to   space 8704K, 0% used [0x00000000d5980000,0x00000000d5980000,0x00000000d6200000)
 ParOldGen       total 723968K, used 723927K [0x0000000080000000, 0x00000000ac300000, 0x00000000d5580000)
  object space 723968K, 99% used [0x0000000080000000,0x00000000ac2f5eb8,0x00000000ac300000)
 Metaspace       used 75126K, committed 76672K, reserved 1179648K
  class space    used 7831K, committed 8512K, reserved 1048576K
}
Event: 49.150 GC heap before
{Heap before GC invocations=886 (full 3):
 PSYoungGen      total 8192K, used 8178K [0x00000000d5580000, 0x00000000d6e00000, 0x0000000100000000)
  eden space 4096K, 100% used [0x00000000d5580000,0x00000000d5980000,0x00000000d5980000)
  from space 4096K, 99% used [0x00000000d6200000,0x00000000d65fcb20,0x00000000d6600000)
  to   space 8704K, 0% used [0x00000000d5980000,0x00000000d5980000,0x00000000d6200000)
 ParOldGen       total 723968K, used 723927K [0x0000000080000000, 0x00000000ac300000, 0x00000000d5580000)
  object space 723968K, 99% used [0x0000000080000000,0x00000000ac2f5eb8,0x00000000ac300000)
 Metaspace       used 75126K, committed 76672K, reserved 1179648K
  class space    used 7831K, committed 8512K, reserved 1048576K
}
Event: 49.152 GC heap after
{Heap after GC invocations=886 (full 3):
 PSYoungGen      total 6144K, used 1746K [0x00000000d5580000, 0x00000000d6280000, 0x0000000100000000)
  eden space 4096K, 0% used [0x00000000d5580000,0x00000000d5580000,0x00000000d5980000)
  from space 2048K, 85% used [0x00000000d5980000,0x00000000d5b34a80,0x00000000d5b80000)
  to   space 4096K, 0% used [0x00000000d5e80000,0x00000000d5e80000,0x00000000d6280000)
 ParOldGen       total 726528K, used 726343K [0x0000000080000000, 0x00000000ac580000, 0x00000000d5580000)
  object space 726528K, 99% used [0x0000000080000000,0x00000000ac551c90,0x00000000ac580000)
 Metaspace       used 75126K, committed 76672K, reserved 1179648K
  class space    used 7831K, committed 8512K, reserved 1048576K
}
Event: 49.177 GC heap before
{Heap before GC invocations=887 (full 3):
 PSYoungGen      total 6144K, used 5842K [0x00000000d5580000, 0x00000000d6280000, 0x0000000100000000)
  eden space 4096K, 100% used [0x00000000d5580000,0x00000000d5980000,0x00000000d5980000)
  from space 2048K, 85% used [0x00000000d5980000,0x00000000d5b34a80,0x00000000d5b80000)
  to   space 4096K, 0% used [0x00000000d5e80000,0x00000000d5e80000,0x00000000d6280000)
 ParOldGen       total 726528K, used 726343K [0x0000000080000000, 0x00000000ac580000, 0x00000000d5580000)
  object space 726528K, 99% used [0x0000000080000000,0x00000000ac551c90,0x00000000ac580000)
 Metaspace       used 75126K, committed 76672K, reserved 1179648K
  class space    used 7831K, committed 8512K, reserved 1048576K
}
Event: 49.179 GC heap after
{Heap after GC invocations=887 (full 3):
 PSYoungGen      total 6144K, used 1600K [0x00000000d5580000, 0x00000000d6080000, 0x0000000100000000)
  eden space 4096K, 0% used [0x00000000d5580000,0x00000000d5580000,0x00000000d5980000)
  from space 2048K, 78% used [0x00000000d5e80000,0x00000000d6010000,0x00000000d6080000)
  to   space 2048K, 0% used [0x00000000d5980000,0x00000000d5980000,0x00000000d5b80000)
 ParOldGen       total 727552K, used 727545K [0x0000000080000000, 0x00000000ac680000, 0x00000000d5580000)
  object space 727552K, 99% used [0x0000000080000000,0x00000000ac67e558,0x00000000ac680000)
 Metaspace       used 75126K, committed 76672K, reserved 1179648K
  class space    used 7831K, committed 8512K, reserved 1048576K
}
Event: 49.201 GC heap before
{Heap before GC invocations=888 (full 3):
 PSYoungGen      total 6144K, used 5696K [0x00000000d5580000, 0x00000000d6080000, 0x0000000100000000)
  eden space 4096K, 100% used [0x00000000d5580000,0x00000000d5980000,0x00000000d5980000)
  from space 2048K, 78% used [0x00000000d5e80000,0x00000000d6010000,0x00000000d6080000)
  to   space 2048K, 0% used [0x00000000d5980000,0x00000000d5980000,0x00000000d5b80000)
 ParOldGen       total 727552K, used 727545K [0x0000000080000000, 0x00000000ac680000, 0x00000000d5580000)
  object space 727552K, 99% used [0x0000000080000000,0x00000000ac67e558,0x00000000ac680000)
 Metaspace       used 75126K, committed 76672K, reserved 1179648K
  class space    used 7831K, committed 8512K, reserved 1048576K
}
Event: 49.203 GC heap after
{Heap after GC invocations=888 (full 3):
 PSYoungGen      total 6144K, used 1426K [0x00000000d5580000, 0x00000000d5f00000, 0x0000000100000000)
  eden space 4096K, 0% used [0x00000000d5580000,0x00000000d5580000,0x00000000d5980000)
  from space 2048K, 69% used [0x00000000d5980000,0x00000000d5ae4808,0x00000000d5b80000)
  to   space 2048K, 0% used [0x00000000d5d00000,0x00000000d5d00000,0x00000000d5f00000)
 ParOldGen       total 729088K, used 728943K [0x0000000080000000, 0x00000000ac800000, 0x00000000d5580000)
  object space 729088K, 99% used [0x0000000080000000,0x00000000ac7dbf88,0x00000000ac800000)
 Metaspace       used 75126K, committed 76672K, reserved 1179648K
  class space    used 7831K, committed 8512K, reserved 1048576K
}
Event: 49.229 GC heap before
{Heap before GC invocations=889 (full 3):
 PSYoungGen      total 6144K, used 5522K [0x00000000d5580000, 0x00000000d5f00000, 0x0000000100000000)
  eden space 4096K, 100% used [0x00000000d5580000,0x00000000d5980000,0x00000000d5980000)
  from space 2048K, 69% used [0x00000000d5980000,0x00000000d5ae4808,0x00000000d5b80000)
  to   space 2048K, 0% used [0x00000000d5d00000,0x00000000d5d00000,0x00000000d5f00000)
 ParOldGen       total 729088K, used 728943K [0x0000000080000000, 0x00000000ac800000, 0x00000000d5580000)
  object space 729088K, 99% used [0x0000000080000000,0x00000000ac7dbf88,0x00000000ac800000)
 Metaspace       used 75126K, committed 76672K, reserved 1179648K
  class space    used 7831K, committed 8512K, reserved 1048576K
}
Event: 49.231 GC heap after
{Heap after GC invocations=889 (full 3):
 PSYoungGen      total 5632K, used 1334K [0x00000000d5580000, 0x00000000d5e80000, 0x0000000100000000)
  eden space 4096K, 0% used [0x00000000d5580000,0x00000000d5580000,0x00000000d5980000)
  from space 1536K, 86% used [0x00000000d5d00000,0x00000000d5e4d818,0x00000000d5e80000)
  to   space 1536K, 0% used [0x00000000d5b80000,0x00000000d5b80000,0x00000000d5d00000)
 ParOldGen       total 730112K, used 730066K [0x0000000080000000, 0x00000000ac900000, 0x00000000d5580000)
  object space 730112K, 99% used [0x0000000080000000,0x00000000ac8f4aa8,0x00000000ac900000)
 Metaspace       used 75126K, committed 76672K, reserved 1179648K
  class space    used 7831K, committed 8512K, reserved 1048576K
}
Event: 49.254 GC heap before
{Heap before GC invocations=890 (full 3):
 PSYoungGen      total 5632K, used 5430K [0x00000000d5580000, 0x00000000d5e80000, 0x0000000100000000)
  eden space 4096K, 100% used [0x00000000d5580000,0x00000000d5980000,0x00000000d5980000)
  from space 1536K, 86% used [0x00000000d5d00000,0x00000000d5e4d818,0x00000000d5e80000)
  to   space 1536K, 0% used [0x00000000d5b80000,0x00000000d5b80000,0x00000000d5d00000)
 ParOldGen       total 730112K, used 730066K [0x0000000080000000, 0x00000000ac900000, 0x00000000d5580000)
  object space 730112K, 99% used [0x0000000080000000,0x00000000ac8f4aa8,0x00000000ac900000)
 Metaspace       used 75127K, committed 76672K, reserved 1179648K
  class space    used 7831K, committed 8512K, reserved 1048576K
}
Event: 49.256 GC heap after
{Heap after GC invocations=890 (full 3):
 PSYoungGen      total 5632K, used 1522K [0x00000000d5580000, 0x00000000d5f80000, 0x0000000100000000)
  eden space 4096K, 0% used [0x00000000d5580000,0x00000000d5580000,0x00000000d5980000)
  from space 1536K, 99% used [0x00000000d5b80000,0x00000000d5cfc808,0x00000000d5d00000)
  to   space 2560K, 0% used [0x00000000d5d00000,0x00000000d5d00000,0x00000000d5f80000)
 ParOldGen       total 731648K, used 731331K [0x0000000080000000, 0x00000000aca80000, 0x00000000d5580000)
  object space 731648K, 99% used [0x0000000080000000,0x00000000aca30f90,0x00000000aca80000)
 Metaspace       used 75127K, committed 76672K, reserved 1179648K
  class space    used 7831K, committed 8512K, reserved 1048576K
}
Event: 49.279 GC heap before
{Heap before GC invocations=891 (full 3):
 PSYoungGen      total 5632K, used 5618K [0x00000000d5580000, 0x00000000d5f80000, 0x0000000100000000)
  eden space 4096K, 100% used [0x00000000d5580000,0x00000000d5980000,0x00000000d5980000)
  from space 1536K, 99% used [0x00000000d5b80000,0x00000000d5cfc808,0x00000000d5d00000)
  to   space 2560K, 0% used [0x00000000d5d00000,0x00000000d5d00000,0x00000000d5f80000)
 ParOldGen       total 731648K, used 731331K [0x0000000080000000, 0x00000000aca80000, 0x00000000d5580000)
  object space 731648K, 99% used [0x0000000080000000,0x00000000aca30f90,0x00000000aca80000)
 Metaspace       used 75127K, committed 76672K, reserved 1179648K
  class space    used 7831K, committed 8512K, reserved 1048576K
}
Event: 49.283 GC heap after
{Heap after GC invocations=891 (full 3):
 PSYoungGen      total 6656K, used 2066K [0x00000000d5580000, 0x00000000d5f80000, 0x0000000100000000)
  eden space 4096K, 0% used [0x00000000d5580000,0x00000000d5580000,0x00000000d5980000)
  from space 2560K, 80% used [0x00000000d5d00000,0x00000000d5f04810,0x00000000d5f80000)
  to   space 2560K, 0% used [0x00000000d5a80000,0x00000000d5a80000,0x00000000d5d00000)
 ParOldGen       total 732672K, used 732495K [0x0000000080000000, 0x00000000acb80000, 0x00000000d5580000)
  object space 732672K, 99% used [0x0000000080000000,0x00000000acb53c20,0x00000000acb80000)
 Metaspace       used 75127K, committed 76672K, reserved 1179648K
  class space    used 7831K, committed 8512K, reserved 1048576K
}
Event: 49.300 GC heap before
{Heap before GC invocations=892 (full 3):
 PSYoungGen      total 6656K, used 6162K [0x00000000d5580000, 0x00000000d5f80000, 0x0000000100000000)
  eden space 4096K, 100% used [0x00000000d5580000,0x00000000d5980000,0x00000000d5980000)
  from space 2560K, 80% used [0x00000000d5d00000,0x00000000d5f04810,0x00000000d5f80000)
  to   space 2560K, 0% used [0x00000000d5a80000,0x00000000d5a80000,0x00000000d5d00000)
 ParOldGen       total 732672K, used 732495K [0x0000000080000000, 0x00000000acb80000, 0x00000000d5580000)
  object space 732672K, 99% used [0x0000000080000000,0x00000000acb53c20,0x00000000acb80000)
 Metaspace       used 75127K, committed 76672K, reserved 1179648K
  class space    used 7831K, committed 8512K, reserved 1048576K
}
Event: 50.305 GC heap after
{Heap after GC invocations=892 (full 3):
 PSYoungGen      total 7680K, used 2029K [0x00000000d5580000, 0x00000000d5f80000, 0x0000000100000000)
  eden space 5120K, 0% used [0x00000000d5580000,0x00000000d5580000,0x00000000d5a80000)
  from space 2560K, 79% used [0x00000000d5a80000,0x00000000d5c7b680,0x00000000d5d00000)
  to   space 2560K, 0% used [0x00000000d5d00000,0x00000000d5d00000,0x00000000d5f80000)
 ParOldGen       total 734720K, used 734385K [0x0000000080000000, 0x00000000acd80000, 0x00000000d5580000)
  object space 734720K, 99% used [0x0000000080000000,0x00000000acd2c760,0x00000000acd80000)
 Metaspace       used 75127K, committed 76672K, reserved 1179648K
  class space    used 7831K, committed 8512K, reserved 1048576K
}
Event: 50.354 GC heap before
{Heap before GC invocations=893 (full 3):
 PSYoungGen      total 7680K, used 7149K [0x00000000d5580000, 0x00000000d5f80000, 0x0000000100000000)
  eden space 5120K, 100% used [0x00000000d5580000,0x00000000d5a80000,0x00000000d5a80000)
  from space 2560K, 79% used [0x00000000d5a80000,0x00000000d5c7b680,0x00000000d5d00000)
  to   space 2560K, 0% used [0x00000000d5d00000,0x00000000d5d00000,0x00000000d5f80000)
 ParOldGen       total 734720K, used 734385K [0x0000000080000000, 0x00000000acd80000, 0x00000000d5580000)
  object space 734720K, 99% used [0x0000000080000000,0x00000000acd2c760,0x00000000acd80000)
 Metaspace       used 75127K, committed 76672K, reserved 1179648K
  class space    used 7831K, committed 8512K, reserved 1048576K
}
Event: 51.364 GC heap after
{Heap after GC invocations=893 (full 3):
 PSYoungGen      total 7680K, used 2088K [0x00000000d5580000, 0x00000000d6080000, 0x0000000100000000)
  eden space 5120K, 0% used [0x00000000d5580000,0x00000000d5580000,0x00000000d5a80000)
  from space 2560K, 81% used [0x00000000d5d00000,0x00000000d5f0a3f0,0x00000000d5f80000)
  to   space 2560K, 0% used [0x00000000d5a80000,0x00000000d5a80000,0x00000000d5d00000)
 ParOldGen       total 735744K, used 735616K [0x0000000080000000, 0x00000000ace80000, 0x00000000d5580000)
  object space 735744K, 99% used [0x0000000080000000,0x00000000ace600e0,0x00000000ace80000)
 Metaspace       used 75127K, committed 76672K, reserved 1179648K
  class space    used 7831K, committed 8512K, reserved 1048576K
}

